current directory: /home/runner/work/r-socialsci/r-socialsci/.vendor/bundle/ruby/2.7.0/gems/unf_ext-0.0.7.7/ext/unf_ext
/opt/hostedtoolcache/Ruby/2.7.3/x64/bin/ruby -I /opt/hostedtoolcache/Ruby/2.7.3/x64/lib/ruby/2.7.0 -r ./siteconf20210512-11455-g1ist2.rb extconf.rb
checking for -lstdc++... yes
creating Makefile

current directory: /home/runner/work/r-socialsci/r-socialsci/.vendor/bundle/ruby/2.7.0/gems/unf_ext-0.0.7.7/ext/unf_ext
make "DESTDIR=" clean
make[1]: Entering directory '/home/runner/work/r-socialsci/r-socialsci/.vendor/bundle/ruby/2.7.0/gems/unf_ext-0.0.7.7/ext/unf_ext'
Makefile:175: warning: overriding recipe for target 'clean'
Ä9˜|PV:175: warning: ignoring old recipe for target 'clean'
Makefile:182: warning: overriding recipe for target 'distclean'
Ä9˜|PV:182: warning: ignoring old recipe for target 'distclean'
Makefile:190: warning: overriding recipe for target 'install-so'
Ä9˜|PV:190: warning: ignoring old recipe for target 'install-so'
Makefile:200: warning: overriding recipe for target 'pre-install-rb-default'
Ä9˜|PV:200: warning: ignoring old recipe for target 'pre-install-rb-default'
Makefile:202: warning: overriding recipe for target '.sitearchdir.time'
Ä9˜|PV:202: warning: ignoring old recipe for target '.sitearchdir.time'
Makefile:212: warning: overriding recipe for target '.cc.o'
Ä9˜|PV:212: warning: ignoring old recipe for target '.cc.o'
Makefile:216: warning: overriding recipe for target '.cc.S'
Ä9˜|PV:216: warning: ignoring old recipe for target '.cc.S'
Makefile:220: warning: overriding recipe for target '.mm.o'
Ä9˜|PV:220: warning: ignoring old recipe for target '.mm.o'
Makefile:224: warning: overriding recipe for target '.mm.S'
Ä9˜|PV:224: warning: ignoring old recipe for target '.mm.S'
Makefile:228: warning: overriding recipe for target '.cxx.o'
Ä9˜|PV:228: warning: ignoring old recipe for target '.cxx.o'
Makefile:232: warning: overriding recipe for target '.cxx.S'
Ä9˜|PV:232: warning: ignoring old recipe for target '.cxx.S'
Makefile:236: warning: overriding recipe for target '.cpp.o'
Ä9˜|PV:236: warning: ignoring old recipe for target '.cpp.o'
Makefile:240: warning: overriding recipe for target '.cpp.S'
Ä9˜|PV:240: warning: ignoring old recipe for target '.cpp.S'
Makefile:244: warning: overriding recipe for target '.c.o'
Ä9˜|PV:244: warning: ignoring old recipe for target '.c.o'
Makefile:248: warning: overriding recipe for target '.c.S'
Ä9˜|PV:248: warning: ignoring old recipe for target '.c.S'
Makefile:252: warning: overriding recipe for target '.m.o'
Ä9˜|PV:252: warning: ignoring old recipe for target '.m.o'
Makefile:256: warning: overriding recipe for target '.m.S'
Ä9˜|PV:256: warning: ignoring old recipe for target '.m.S'
Makefile:260: warning: overriding recipe for target 'unf_ext.so'
Ä9˜|PV:260: warning: ignoring old recipe for target 'unf_ext.so'
make[1]: Leaving directory '/home/runner/work/r-socialsci/r-socialsci/.vendor/bundle/ruby/2.7.0/gems/unf_ext-0.0.7.7/ext/unf_ext'

current directory: /home/runner/work/r-socialsci/r-socialsci/.vendor/bundle/ruby/2.7.0/gems/unf_ext-0.0.7.7/ext/unf_ext
make "DESTDIR="
make[1]: Entering directory '/home/runner/work/r-socialsci/r-socialsci/.vendor/bundle/ruby/2.7.0/gems/unf_ext-0.0.7.7/ext/unf_ext'
Makefile:175: warning: overriding recipe for target 'clean'
Äi¿Á…U:175: warning: ignoring old recipe for target 'clean'
Makefile:182: warning: overriding recipe for target 'distclean'
Äi¿Á…U:182: warning: ignoring old recipe for target 'distclean'
Makefile:190: warning: overriding recipe for target 'install-so'
Äi¿Á…U:190: warning: ignoring old recipe for target 'install-so'
Makefile:200: warning: overriding recipe for target 'pre-install-rb-default'
Äi¿Á…U:200: warning: ignoring old recipe for target 'pre-install-rb-default'
Makefile:202: warning: overriding recipe for target '.sitearchdir.time'
Äi¿Á…U:202: warning: ignoring old recipe for target '.sitearchdir.time'
Makefile:212: warning: overriding recipe for target '.cc.o'
Äi¿Á…U:212: warning: ignoring old recipe for target '.cc.o'
Makefile:216: warning: overriding recipe for target '.cc.S'
Äi¿Á…U:216: warning: ignoring old recipe for target '.cc.S'
Makefile:220: warning: overriding recipe for target '.mm.o'
Äi¿Á…U:220: warning: ignoring old recipe for target '.mm.o'
Makefile:224: warning: overriding recipe for target '.mm.S'
Äi¿Á…U:224: warning: ignoring old recipe for target '.mm.S'
Makefile:228: warning: overriding recipe for target '.cxx.o'
Äi¿Á…U:228: warning: ignoring old recipe for target '.cxx.o'
Makefile:232: warning: overriding recipe for target '.cxx.S'
Äi¿Á…U:232: warning: ignoring old recipe for target '.cxx.S'
Makefile:236: warning: overriding recipe for target '.cpp.o'
Äi¿Á…U:236: warning: ignoring old recipe for target '.cpp.o'
Makefile:240: warning: overriding recipe for target '.cpp.S'
Äi¿Á…U:240: warning: ignoring old recipe for target '.cpp.S'
Makefile:244: warning: overriding recipe for target '.c.o'
Äi¿Á…U:244: warning: ignoring old recipe for target '.c.o'
Makefile:248: warning: overriding recipe for target '.c.S'
Äi¿Á…U:248: warning: ignoring old recipe for target '.c.S'
Makefile:252: warning: overriding recipe for target '.m.o'
Äi¿Á…U:252: warning: ignoring old recipe for target '.m.o'
Makefile:256: warning: overriding recipe for target '.m.S'
Äi¿Á…U:256: warning: ignoring old recipe for target '.m.S'
Makefile:260: warning: overriding recipe for target 'unf_ext.so'
Äi¿Á…U:260: warning: ignoring old recipe for target 'unf_ext.so'
compiling unf.cc
linking shared-object unf_ext.so
make[1]: Leaving directory '/home/runner/work/r-socialsci/r-socialsci/.vendor/bundle/ruby/2.7.0/gems/unf_ext-0.0.7.7/ext/unf_ext'

current directory: /home/runner/work/r-socialsci/r-socialsci/.vendor/bundle/ruby/2.7.0/gems/unf_ext-0.0.7.7/ext/unf_ext
make "DESTDIR=" install
make[1]: Entering directory '/home/runner/work/r-socialsci/r-socialsci/.vendor/bundle/ruby/2.7.0/gems/unf_ext-0.0.7.7/ext/unf_ext'
Makefile:175: warning: overriding recipe for target 'clean'
ÄI:175: warning: ignoring old recipe for target 'clean'
Makefile:182: warning: overriding recipe for target 'distclean'
ÄI:182: warning: ignoring old recipe for target 'distclean'
Makefile:190: warning: overriding recipe for target 'install-so'
ÄI:190: warning: ignoring old recipe for target 'install-so'
Makefile:200: warning: overriding recipe for target 'pre-install-rb-default'
ÄI:200: warning: ignoring old recipe for target 'pre-install-rb-default'
Makefile:202: warning: overriding recipe for target '.sitearchdir.time'
ÄI:202: warning: ignoring old recipe for target '.sitearchdir.time'
Makefile:212: warning: overriding recipe for target '.cc.o'
ÄI:212: warning: ignoring old recipe for target '.cc.o'
Makefile:216: warning: overriding recipe for target '.cc.S'
ÄI:216: warning: ignoring old recipe for target '.cc.S'
Makefile:220: warning: overriding recipe for target '.mm.o'
ÄI:220: warning: ignoring old recipe for target '.mm.o'
Makefile:224: warning: overriding recipe for target '.mm.S'
ÄI:224: warning: ignoring old recipe for target '.mm.S'
Makefile:228: warning: overriding recipe for target '.cxx.o'
ÄI:228: warning: ignoring old recipe for target '.cxx.o'
Makefile:232: warning: overriding recipe for target '.cxx.S'
ÄI:232: warning: ignoring old recipe for target '.cxx.S'
Makefile:236: warning: overriding recipe for target '.cpp.o'
ÄI:236: warning: ignoring old recipe for target '.cpp.o'
Makefile:240: warning: overriding recipe for target '.cpp.S'
ÄI:240: warning: ignoring old recipe for target '.cpp.S'
Makefile:244: warning: overriding recipe for target '.c.o'
ÄI:244: warning: ignoring old recipe for target '.c.o'
Makefile:248: warning: overriding recipe for target '.c.S'
ÄI:248: warning: ignoring old recipe for target '.c.S'
Makefile:252: warning: overriding recipe for target '.m.o'
ÄI:252: warning: ignoring old recipe for target '.m.o'
Makefile:256: warning: overriding recipe for target '.m.S'
ÄI:256: warning: ignoring old recipe for target '.m.S'
Makefile:260: warning: overriding recipe for target 'unf_ext.so'
ÄI:260: warning: ignoring old recipe for target 'unf_ext.so'
/usr/bin/install -c -m 0755 unf_ext.so ./.gem.20210512-11455-1qjcgl0
make[1]: Leaving directory '/home/runner/work/r-socialsci/r-socialsci/.vendor/bundle/ruby/2.7.0/gems/unf_ext-0.0.7.7/ext/unf_ext'
